<?xml version="1.0" encoding="UTF-8"?>
<!-- Generated by org.testng.reporters.JUnitXMLReporter -->
<testsuite hostname="BANL1191b9713.local" name="SmokeTest" tests="1" failures="1" timestamp="8 Jan 2015 20:19:53 GMT" time="172.705" errors="0">
  <testcase name="testRunCode" time="164.168" classname="com.hackerrank.RunCodeTest">
    <failure type="org.openqa.selenium.StaleElementReferenceException" message="stale element reference: element is not attached to the page document
  (Session info: chrome=35.0.1916.114)
  (Driver info: chromedriver=2.10.267517,platform=Mac OS X 10.8.4 x86_64) (WARNING: The server did not provide any stacktrace information)
Command duration or timeout: 833 milliseconds
For documentation on this error, please visit: http://seleniumhq.org/exceptions/stale_element_reference.html
Build info: version: &amp;apos;2.42.2&amp;apos;, revision: &amp;apos;6a6995d31c7c56c340d6f45a76976d43506cd6cc&amp;apos;, time: &amp;apos;2014-06-03 10:52:47&amp;apos;
System info: host: &amp;apos;BANL1191b9713.local&amp;apos;, ip: &amp;apos;172.16.136.1&amp;apos;, os.name: &amp;apos;Mac OS X&amp;apos;, os.arch: &amp;apos;x86_64&amp;apos;, os.version: &amp;apos;10.8.4&amp;apos;, java.version: &amp;apos;1.7.0_71&amp;apos;
Session ID: e15bb1156a1645b29c3528adea61c141
Driver info: org.openqa.selenium.remote.RemoteWebDriver
Capabilities [{platform=MAC, acceptSslCerts=true, javascriptEnabled=true, hasMetadata=true, browserName=chrome, chrome={userDataDir=/var/folders/0w/mrhl7x0974n6zv2mpl6vz5_80000gn/T/.org.chromium.Chromium.0C721w}, rotatable=false, locationContextEnabled=true, webdriver.remote.sessionid=e15bb1156a1645b29c3528adea61c141, version=35.0.1916.114, takesHeapSnapshot=true, cssSelectorsEnabled=true, databaseEnabled=false, handlesAlerts=true, browserConnectionEnabled=false, nativeEvents=true, webStorageEnabled=true, applicationCacheEnabled=false, takesScreenshot=true}]">
      <![CDATA[org.openqa.selenium.StaleElementReferenceException: stale element reference: element is not attached to the page document
  (Session info: chrome=35.0.1916.114)
  (Driver info: chromedriver=2.10.267517,platform=Mac OS X 10.8.4 x86_64) (WARNING: The server did not provide any stacktrace information)
Command duration or timeout: 833 milliseconds
For documentation on this error, please visit: http://seleniumhq.org/exceptions/stale_element_reference.html
Build info: version: '2.42.2', revision: '6a6995d31c7c56c340d6f45a76976d43506cd6cc', time: '2014-06-03 10:52:47'
System info: host: 'BANL1191b9713.local', ip: '172.16.136.1', os.name: 'Mac OS X', os.arch: 'x86_64', os.version: '10.8.4', java.version: '1.7.0_71'
Session ID: e15bb1156a1645b29c3528adea61c141
Driver info: org.openqa.selenium.remote.RemoteWebDriver
Capabilities [{platform=MAC, acceptSslCerts=true, javascriptEnabled=true, hasMetadata=true, browserName=chrome, chrome={userDataDir=/var/folders/0w/mrhl7x0974n6zv2mpl6vz5_80000gn/T/.org.chromium.Chromium.0C721w}, rotatable=false, locationContextEnabled=true, webdriver.remote.sessionid=e15bb1156a1645b29c3528adea61c141, version=35.0.1916.114, takesHeapSnapshot=true, cssSelectorsEnabled=true, databaseEnabled=false, handlesAlerts=true, browserConnectionEnabled=false, nativeEvents=true, webStorageEnabled=true, applicationCacheEnabled=false, takesScreenshot=true}]
	at org.openqa.selenium.remote.ErrorHandler.createThrowable(ErrorHandler.java:204)
	at org.openqa.selenium.remote.ErrorHandler.throwIfResponseFailed(ErrorHandler.java:156)
	at org.openqa.selenium.remote.RemoteWebDriver.execute(RemoteWebDriver.java:599)
	at org.openqa.selenium.remote.RemoteWebElement.execute(RemoteWebElement.java:268)
	at org.openqa.selenium.remote.RemoteWebElement.click(RemoteWebElement.java:79)
	at com.pageobject.WarmupSubDomain.solveMeFirst(WarmupSubDomain.java:34)
	at com.hackerrank.RunCodeTest.testRunCode(RunCodeTest.java:49)
	at com.intuit.tools.commontestbase.IBrowserTestNGBase.run(IBrowserTestNGBase.java:170)
	at java.util.concurrent.ThreadPoolExecutor.runWorker(ThreadPoolExecutor.java:1145)
	at java.util.concurrent.ThreadPoolExecutor$Worker.run(ThreadPoolExecutor.java:615)
	at java.lang.Thread.run(Thread.java:745)
... Removed 20 stack frames]]>
    </failure>
  </testcase> <!-- testRunCode -->
</testsuite> <!-- SmokeTest -->
